=> using pre-trained model 'vgg16'
0.bias 
 tensor([ 0.4034,  0.3778,  0.4644, -0.3228,  0.3940, -0.3953,  0.3951, -0.5496,
         0.2693, -0.7602, -0.3508,  0.2334, -1.3239, -0.1694,  0.3938, -0.1026,
         0.0460, -0.6995,  0.1549,  0.5628,  0.3011,  0.3425,  0.1073,  0.4651,
         0.1295,  0.0788, -0.0492, -0.5638,  0.1465, -0.3890, -0.0715,  0.0649,
         0.2768,  0.3279,  0.5682, -1.2640, -0.8368, -0.9485,  0.1358,  0.2727,
         0.1841, -0.5325,  0.3507, -0.0827, -1.0248, -0.6912, -0.7711,  0.2612,
         0.4033, -0.4802, -0.3066,  0.5807, -1.3325,  0.4844, -0.8160,  0.2386,
         0.2300,  0.4979,  0.5553,  0.5230, -0.2182,  0.0117, -0.5516,  0.2108],
       device='cuda:0')
0.weight 
 tensor([[[[-0.5537,  0.1427,  0.5290],
          [-0.5831,  0.3566,  0.7657],
          [-0.6902, -0.0000,  0.4841]],

         [[ 0.1755,  0.0000, -0.0814],
          [ 0.0441, -0.0703, -0.2604],
          [ 0.1324, -0.1728, -0.1323]],

         [[ 0.3130, -0.1659, -0.4275],
          [ 0.4752, -0.0827, -0.4870],
          [ 0.6320,  0.0000, -0.2775]]],


        [[[ 0.2325,  0.1267,  0.1861],
          [-0.4281, -0.2435,  0.2463],
          [-0.2507,  0.1418, -0.0000]],

         [[-0.0000, -0.2190,  0.1504],
          [-0.8413, -0.3518,  0.5640],
          [-0.2419,  0.5193,  0.5391]],

         [[-0.3143, -0.3705, -0.1309],
          [-0.4714, -0.1550,  0.3459],
          [ 0.0000,  0.5868,  0.4958]]],


        [[[ 0.1772,  0.5215,  0.0000],
          [-0.2718, -0.7171,  0.3129],
          [-0.0758, -0.2208,  0.3346]],

         [[ 0.3092,  0.6707,  0.0000],
          [-0.4661, -1.0697,  0.3350],
          [-0.0803, -0.3052,  0.5446]],

         [[ 0.3157,  0.4233, -0.3498],
          [ 0.0864, -0.4646,  0.0000],
          [ 0.1048, -0.1458, -0.0158]]],


        ...,


        [[[ 0.0776,  0.1269,  0.0323],
          [ 0.2213,  0.2468, -0.0466],
          [ 0.0464,  0.0282,  0.0000]],

         [[-0.1833, -0.0674, -0.0072],
          [-0.0489,  0.0000, -0.1288],
          [-0.0646, -0.0646,  0.0442]],

         [[-0.2255, -0.1193, -0.0234],
          [-0.0992, -0.0151,  0.0000],
          [-0.0261,  0.0014,  0.1428]]],


        [[[ 0.0165, -0.0322, -0.0000],
          [-0.0682, -0.1944, -0.1417],
          [-0.0695, -0.1834, -0.1742]],

         [[ 0.0428, -0.0675, -0.0000],
          [ 0.0118, -0.1496, -0.1236],
          [ 0.0102, -0.1039, -0.1174]],

         [[ 0.1266,  0.0000,  0.1307],
          [ 0.1759,  0.1129,  0.1194],
          [ 0.1466,  0.0989,  0.1035]]],


        [[[ 0.0322, -0.1077, -0.2639],
          [ 0.2796, -0.0374, -0.2547],
          [ 0.3487,  0.0000, -0.0559]],

         [[ 0.2506,  0.1554, -0.1743],
          [ 0.3925,  0.0000, -0.3519],
          [ 0.1930, -0.1990, -0.2971]],

         [[ 0.4603,  0.4340,  0.2835],
          [ 0.1634, -0.0000, -0.1920],
          [-0.1952, -0.4563, -0.4273]]]], device='cuda:0')
2.bias 
 tensor([ 0.0020, -0.0902,  0.6164, -0.0818,  0.2450, -0.0488,  0.1307, -0.0290,
        -0.1429,  0.3068, -0.0399, -0.2524,  0.0999, -0.2326,  0.0353, -0.0904,
         0.1138, -0.0307, -0.0108, -0.0215,  0.0554,  0.1382,  0.0362, -0.4511,
         0.0056, -0.0246, -0.4296, -0.1458,  0.3813, -0.0359,  0.1184, -0.3527,
        -0.0239, -0.0235,  0.6499, -0.0634, -0.0152, -0.2285,  0.0941, -0.5053,
         0.1906,  0.0944,  0.3406, -0.0833,  0.1924, -0.1953, -0.0421, -0.1606,
         0.3964,  0.2068,  0.1812, -0.1198, -0.0724, -0.1240,  0.1313,  0.1043,
         0.5469,  0.5208,  0.0509, -0.8278,  0.4372, -0.3734, -0.3264, -0.1213],
       device='cuda:0')
2.weight 
 tensor([[[[-0.0306, -0.0985, -0.1326],
          [ 0.0000, -0.0835, -0.1670],
          [ 0.0310, -0.0658, -0.1317]],

         [[ 0.0474, -0.0276, -0.0511],
          [ 0.0701,  0.0000, -0.0183],
          [ 0.0699,  0.0390,  0.0162]],

         [[ 0.0707,  0.0053, -0.0474],
          [ 0.0840,  0.0492, -0.0000],
          [ 0.0085,  0.0224,  0.0059]],

         ...,

         [[ 0.0277,  0.0218, -0.0095],
          [ 0.0255,  0.0000, -0.0345],
          [ 0.0201,  0.0371, -0.0135]],

         [[ 0.0217,  0.0418,  0.0583],
          [ 0.0274,  0.0368,  0.0343],
          [-0.0000,  0.0197,  0.0503]],

         [[ 0.0218, -0.0214, -0.0994],
          [-0.0572, -0.0713, -0.0776],
          [-0.0375, -0.0255, -0.0000]]],


        [[[-0.0000, -0.0780, -0.1350],
          [-0.0374, -0.0818, -0.1419],
          [-0.0419, -0.1076, -0.1616]],

         [[-0.0069,  0.0486,  0.0150],
          [ 0.0186,  0.0098, -0.0160],
          [ 0.0000, -0.0327, -0.0358]],

         [[ 0.0148, -0.0143, -0.0445],
          [-0.0184,  0.0148, -0.0823],
          [ 0.0183,  0.0000,  0.0091]],

         ...,

         [[ 0.0403,  0.0361,  0.0255],
          [ 0.0158,  0.0000, -0.0109],
          [ 0.0238,  0.0164, -0.0258]],

         [[-0.0228,  0.0025, -0.0217],
          [ 0.0000, -0.0065,  0.0170],
          [-0.0047, -0.0223, -0.0213]],

         [[-0.0284, -0.0000,  0.0274],
          [-0.0581, -0.0559,  0.0703],
          [-0.0645, -0.0382,  0.0416]]],


        [[[ 0.0125,  0.0247,  0.0539],
          [-0.0258, -0.0162,  0.0283],
          [ 0.0129,  0.0000,  0.0282]],

         [[-0.0793, -0.0888, -0.0557],
          [-0.0484, -0.1114, -0.0000],
          [ 0.0346,  0.0233,  0.1100]],

         [[-0.0436, -0.0166, -0.0000],
          [ 0.0290,  0.0453,  0.0169],
          [ 0.0882,  0.1260,  0.0723]],

         ...,

         [[ 0.0000,  0.0153, -0.0172],
          [-0.0083, -0.0129, -0.0014],
          [ 0.0063,  0.0018, -0.0338]],

         [[-0.0079, -0.0059, -0.0000],
          [ 0.0007, -0.0060,  0.0101],
          [ 0.0306,  0.0168,  0.0326]],

         [[ 0.0594, -0.0000,  0.0383],
          [-0.0208, -0.0488,  0.0403],
          [ 0.0231,  0.0075,  0.0350]]],


        ...,


        [[[-0.0455, -0.0293,  0.0000],
          [-0.0470, -0.0495,  0.0176],
          [-0.0438, -0.0249, -0.0249]],

         [[-0.0194,  0.0159, -0.0636],
          [ 0.0301,  0.0285, -0.0644],
          [-0.0145,  0.0000, -0.0634]],

         [[-0.0279, -0.0217, -0.0517],
          [ 0.0109, -0.0520, -0.0546],
          [-0.0397,  0.0000,  0.0354]],

         ...,

         [[-0.0019,  0.0000, -0.0074],
          [ 0.0018,  0.0083,  0.0187],
          [ 0.0117,  0.0069,  0.0336]],

         [[ 0.0089,  0.0328,  0.0393],
          [-0.0025,  0.0000,  0.0141],
          [-0.0055,  0.0096,  0.0286]],

         [[-0.0302, -0.0672, -0.0743],
          [-0.0362, -0.0000,  0.0617],
          [-0.0164,  0.0582,  0.1289]]],


        [[[ 0.0403,  0.0377,  0.0172],
          [ 0.0403,  0.0295,  0.0167],
          [-0.0049,  0.0211, -0.0000]],

         [[ 0.0311, -0.0165,  0.0000],
          [-0.0586, -0.0467, -0.0278],
          [-0.0312,  0.0176, -0.0122]],

         [[-0.0987, -0.0989, -0.1322],
          [ 0.0732, -0.0000, -0.0740],
          [ 0.1707,  0.1835,  0.0339]],

         ...,

         [[ 0.0253,  0.0327,  0.0053],
          [-0.0042,  0.0200,  0.0160],
          [-0.0048, -0.0291,  0.0000]],

         [[ 0.0072, -0.0052,  0.0051],
          [-0.0000,  0.0124,  0.0208],
          [ 0.0025, -0.0132,  0.0037]],

         [[ 0.0324,  0.0108,  0.0317],
          [-0.0000,  0.0598,  0.0346],
          [-0.0207,  0.0165, -0.0132]]],


        [[[-0.0670,  0.0108,  0.0793],
          [ 0.0000, -0.0334,  0.0528],
          [-0.0384, -0.0310,  0.0654]],

         [[ 0.0549, -0.1916,  0.0997],
          [-0.1875,  0.0132,  0.2475],
          [-0.0000,  0.0287, -0.0898]],

         [[-0.1490, -0.1297,  0.1765],
          [-0.1577,  0.1513,  0.0841],
          [ 0.0950,  0.0852, -0.0000]],

         ...,

         [[ 0.0123,  0.0333, -0.0105],
          [ 0.0503, -0.0000, -0.0339],
          [ 0.0135, -0.0296,  0.0269]],

         [[ 0.0310,  0.0285,  0.0052],
          [ 0.0000, -0.0189, -0.0218],
          [-0.0085, -0.0366, -0.0195]],

         [[ 0.0238,  0.0457,  0.0673],
          [ 0.0000,  0.0320, -0.0584],
          [ 0.0268, -0.0940, -0.0405]]]], device='cuda:0')
5.bias 
 tensor([ 8.6646e-02, -1.8141e-02,  1.3419e-01,  2.1687e-02,  6.2591e-02,
        -7.4722e-02,  3.3089e-02,  9.0404e-02,  1.8341e-01,  7.4501e-02,
         5.9911e-02, -1.4331e-02,  1.7103e-01,  6.2786e-03,  3.5013e-02,
         1.7912e-01, -5.8908e-02,  1.2702e-01,  1.7914e-01,  2.3746e-01,
         1.8726e-02, -2.8949e-02,  1.8745e-01,  3.9840e-02,  1.4654e-01,
         2.1923e-02,  1.0498e-01,  1.4209e-01, -7.0994e-02, -1.8345e-02,
         8.8975e-02,  5.7054e-02,  1.3888e-01,  2.0818e-01,  1.0774e-01,
         8.5410e-02,  1.7150e-02,  2.7108e-01,  8.7119e-02,  5.9371e-02,
         3.1665e-01, -5.2632e-02,  1.5077e-01,  6.4080e-02,  1.7603e-01,
         1.7029e-01, -6.4618e-02,  1.3616e-01,  1.6723e-02, -6.7827e-02,
         6.3060e-02,  1.4921e-01,  1.0507e-01,  4.7822e-02,  2.7649e-01,
         7.2342e-02, -1.2613e-01,  1.6345e-01, -6.4522e-02, -7.8599e-03,
         1.4376e-01,  1.6144e-01,  2.5510e-02,  1.1751e-01, -8.8816e-02,
         2.2240e-01,  5.5771e-02,  1.4372e-02,  1.6451e-01, -1.9882e-01,
         1.9057e-04,  2.2923e-02, -1.7259e-01,  8.1201e-02,  3.7978e-02,
        -1.1063e-01,  6.8450e-02,  5.3313e-02,  5.5594e-03,  6.8257e-02,
        -2.5634e-01,  8.1244e-02, -6.9248e-02,  5.4548e-02, -5.9897e-02,
         1.2019e-01, -1.7203e-01,  7.0961e-02,  3.0969e-02, -8.0818e-02,
         5.1265e-02, -2.0620e-01,  1.9448e-01, -8.8990e-02, -8.6148e-02,
         1.7088e-01,  1.6314e-01,  2.2548e-01,  1.3626e-01, -2.8991e-02,
        -8.5338e-02, -1.5907e-03,  1.2849e-02, -7.6387e-02, -2.3490e-02,
         3.2957e-02,  1.6553e-01, -2.1522e-02, -1.0091e-02,  1.2563e-01,
         2.0017e-01,  1.6585e-01,  2.4983e-02,  9.0528e-02,  1.5877e-01,
        -1.4161e-01,  8.8158e-02,  4.9040e-02, -7.7915e-02,  1.3045e-01,
         8.2526e-02,  2.0595e-01,  7.4943e-02, -9.7283e-03, -1.0830e-02,
         7.4388e-02,  7.4235e-02,  1.4483e-01], device='cuda:0')
5.weight 
 tensor([[[[-0.0628,  0.0000, -0.0404],
          [-0.0516, -0.0571, -0.1265],
          [-0.0138, -0.0541, -0.0827]],

         [[-0.0514, -0.0336, -0.0301],
          [-0.0320, -0.0351,  0.0000],
          [-0.0042, -0.0141,  0.0136]],

         [[-0.0288,  0.0521,  0.0518],
          [-0.0374,  0.1436, -0.0353],
          [-0.0293,  0.0000, -0.0317]],

         ...,

         [[-0.0230, -0.0111, -0.0043],
          [-0.0193, -0.0431, -0.0000],
          [-0.0429, -0.0142, -0.0135]],

         [[-0.0277, -0.0163, -0.0231],
          [ 0.0279,  0.0348, -0.0451],
          [ 0.0493,  0.0119, -0.0000]],

         [[ 0.0141,  0.0174, -0.0084],
          [ 0.0065,  0.0749, -0.0000],
          [-0.0337,  0.0577, -0.0113]]],


        [[[-0.0000, -0.0301, -0.0252],
          [-0.0156, -0.0371, -0.0421],
          [-0.0050, -0.0028, -0.0484]],

         [[-0.0210, -0.0128,  0.0023],
          [-0.0319, -0.0351,  0.0135],
          [ 0.0128, -0.0000,  0.0199]],

         [[-0.0549, -0.0147,  0.0577],
          [-0.1497,  0.0908,  0.1802],
          [-0.0513,  0.0000,  0.0758]],

         ...,

         [[ 0.0133, -0.0277, -0.0496],
          [ 0.0240, -0.0239, -0.0000],
          [ 0.0599,  0.0211, -0.0152]],

         [[-0.0521, -0.0264, -0.0258],
          [-0.0308, -0.0502,  0.0390],
          [ 0.0419, -0.0000, -0.0325]],

         [[-0.0000,  0.0033,  0.0274],
          [-0.0420,  0.0075, -0.0117],
          [ 0.0404,  0.1226, -0.0487]]],


        [[[ 0.0332, -0.0223, -0.0034],
          [ 0.0146,  0.0759, -0.0527],
          [-0.0492,  0.0398,  0.0000]],

         [[ 0.0157,  0.0000,  0.0457],
          [-0.0064,  0.0467,  0.0453],
          [-0.0716,  0.0381,  0.0147]],

         [[-0.0457,  0.0327,  0.0000],
          [-0.0496,  0.0295, -0.0276],
          [ 0.0116,  0.0564, -0.0269]],

         ...,

         [[ 0.0118, -0.0266, -0.0000],
          [-0.0609, -0.0559, -0.0381],
          [ 0.0384, -0.0098, -0.0014]],

         [[-0.0445, -0.0224, -0.0625],
          [-0.0257,  0.0000, -0.0250],
          [ 0.0197, -0.0417, -0.0327]],

         [[ 0.0233, -0.0000,  0.0170],
          [-0.0379,  0.0841,  0.0155],
          [ 0.0084, -0.0531, -0.0191]]],


        ...,


        [[[ 0.0068, -0.0095, -0.0195],
          [-0.0176,  0.0433, -0.0414],
          [-0.0264, -0.0285, -0.0000]],

         [[-0.0626, -0.0458,  0.0100],
          [-0.0351, -0.0536,  0.0266],
          [ 0.0071, -0.0146,  0.0000]],

         [[ 0.0000,  0.2749,  0.2144],
          [-0.0930, -0.0175,  0.0688],
          [-0.1480, -0.1113, -0.0785]],

         ...,

         [[-0.0089,  0.0559,  0.0082],
          [-0.0083, -0.0385, -0.0444],
          [ 0.0308,  0.0528, -0.0000]],

         [[ 0.0000,  0.1084, -0.0098],
          [-0.0397, -0.1388,  0.0125],
          [-0.0473, -0.0293, -0.0241]],

         [[-0.0985,  0.0000, -0.0358],
          [-0.0372,  0.1601, -0.0286],
          [-0.0149,  0.0769,  0.0772]]],


        [[[ 0.0734,  0.0498,  0.0208],
          [ 0.0000,  0.0174, -0.0236],
          [-0.0232, -0.0928, -0.0249]],

         [[-0.0453, -0.0245,  0.0098],
          [-0.0085, -0.0208,  0.0286],
          [ 0.0451,  0.0000,  0.0238]],

         [[ 0.0833,  0.0666,  0.0000],
          [-0.1127,  0.0992,  0.1684],
          [-0.0356, -0.0422,  0.0510]],

         ...,

         [[-0.0614,  0.0358,  0.0532],
          [-0.0438, -0.0243,  0.0291],
          [-0.0000,  0.0333,  0.0058]],

         [[ 0.0000,  0.0066, -0.0600],
          [-0.0466, -0.0199,  0.0094],
          [ 0.0792,  0.0648,  0.0101]],

         [[ 0.0749,  0.0485,  0.1593],
          [-0.0406, -0.1658,  0.0317],
          [-0.0554, -0.0000,  0.0236]]],


        [[[-0.0140, -0.0000,  0.0337],
          [ 0.0618, -0.0733, -0.0492],
          [ 0.0703,  0.0709, -0.0357]],

         [[-0.0060,  0.0000,  0.0247],
          [ 0.0119, -0.0149,  0.0270],
          [-0.0095, -0.0287, -0.0121]],

         [[-0.1017, -0.2341, -0.0563],
          [ 0.0750,  0.0000, -0.0625],
          [ 0.1491,  0.2497,  0.1419]],

         ...,

         [[-0.0068, -0.0488, -0.0036],
          [ 0.0181, -0.0361,  0.0068],
          [ 0.0399,  0.0000,  0.0164]],

         [[-0.0673, -0.1947, -0.0933],
          [ 0.1356,  0.0793, -0.0918],
          [ 0.0000,  0.0332,  0.0209]],

         [[ 0.0756, -0.0273,  0.0155],
          [-0.0000, -0.1036,  0.0468],
          [ 0.0300, -0.0548,  0.0535]]]], device='cuda:0')
stoped
